[    0.000000] Linux version 4.15.0-193-generic (buildd@lcy02-amd64-022) (gcc version 7.5.0 (Ubuntu 7.5.0-3ubuntu1~18.04)) #204-Ubuntu SMP Fri Aug 26 19:20:21 UTC 2022 (Ubuntu 4.15.0-193.204-generic 4.15.18)
[    0.000000] Command line: BOOT_IMAGE=/boot/vmlinuz-4.15.0-193-generic root=LABEL=cloudimg-rootfs ro console=tty1 console=ttyS0
[    0.000000] KERNEL supported cpus:
[    0.000000]   Intel GenuineIntel
[    0.000000]   AMD AuthenticAMD
[    0.000000]   Centaur CentaurHauls
[    0.000000] x86/fpu: Supporting XSAVE feature 0x001: 'x87 floating point registers'
[    0.000000] x86/fpu: Supporting XSAVE feature 0x002: 'SSE registers'
[    0.000000] x86/fpu: Supporting XSAVE feature 0x004: 'AVX registers'
[    0.000000] x86/fpu: xstate_offset[2]:  576, xstate_sizes[2]:  256
[    0.000000] x86/fpu: Enabled xstate features 0x7, context size is 832 bytes, using 'standard' format.
[    0.000000] e820: BIOS-provided physical RAM map:
[    0.000000] BIOS-e820: [mem 0x0000000000000000-0x000000000009fbff] usable
[    0.000000] BIOS-e820: [mem 0x000000000009fc00-0x000000000009ffff] reserved
[    0.000000] BIOS-e820: [mem 0x00000000000f0000-0x00000000000fffff] reserved
[    0.000000] BIOS-e820: [mem 0x0000000000100000-0x000000003ffeffff] usable
[    0.000000] BIOS-e820: [mem 0x000000003fff0000-0x000000003fffffff] ACPI data
[    0.000000] BIOS-e820: [mem 0x00000000fec00000-0x00000000fec00fff] reserved
[    0.000000] BIOS-e820: [mem 0x00000000fee00000-0x00000000fee00fff] reserved
[    0.000000] BIOS-e820: [mem 0x00000000fffc0000-0x00000000ffffffff] reserved
[    0.000000] NX (Execute Disable) protection: active
[    0.000000] SMBIOS 2.5 present.
[    0.000000] DMI: innotek GmbH VirtualBox/VirtualBox, BIOS VirtualBox 12/01/2006
[    0.000000] Hypervisor detected: KVM
[    0.000000] e820: last_pfn = 0x3fff0 max_arch_pfn = 0x400000000
[    0.000000] MTRR: Disabled
[    0.000000] x86/PAT: MTRRs disabled, skipping PAT initialization too.
[    0.000000] CPU MTRRs all blank - virtualized system.
[    0.000000] x86/PAT: Configuration [0-7]: WB  WT  UC- UC  WB  WT  UC- UC  
[    0.000000] found SMP MP-table at [mem 0x0009fff0-0x0009ffff]
[    0.000000] Scanning 1 areas for low memory corruption
[    0.000000] RAMDISK: [mem 0x359cb000-0x36cdcfff]
[    0.000000] ACPI: Early table checksum verification disabled
[    0.000000] ACPI: RSDP 0x00000000000E0000 000024 (v02 VBOX  )
[    0.000000] ACPI: XSDT 0x000000003FFF0030 00003C (v01 VBOX   VBOXXSDT 00000001 ASL  00000061)
[    0.000000] ACPI: FACP 0x000000003FFF00F0 0000F4 (v04 VBOX   VBOXFACP 00000001 ASL  00000061)
[    0.000000] ACPI: DSDT 0x000000003FFF0470 002325 (v02 VBOX   VBOXBIOS 00000002 INTL 20120111)
[    0.000000] ACPI: FACS 0x000000003FFF0200 000040
[    0.000000] ACPI: FACS 0x000000003FFF0200 000040
[    0.000000] ACPI: APIC 0x000000003FFF0240 00005C (v02 VBOX   VBOXAPIC 00000001 ASL  00000061)
[    0.000000] ACPI: SSDT 0x000000003FFF02A0 0001CC (v01 VBOX   VBOXCPUT 00000002 INTL 20120111)
[    0.000000] ACPI: Reserving FACP table memory at [mem 0x3fff00f0-0x3fff01e3]
[    0.000000] ACPI: Reserving DSDT table memory at [mem 0x3fff0470-0x3fff2794]
[    0.000000] ACPI: Reserving FACS table memory at [mem 0x3fff0200-0x3fff023f]
[    0.000000] ACPI: Reserving FACS table memory at [mem 0x3fff0200-0x3fff023f]
[    0.000000] ACPI: Reserving APIC table memory at [mem 0x3fff0240-0x3fff029b]
[    0.000000] ACPI: Reserving SSDT table memory at [mem 0x3fff02a0-0x3fff046b]
[    0.000000] No NUMA configuration found
[    0.000000] Faking a node at [mem 0x0000000000000000-0x000000003ffeffff]
[    0.000000] NODE_DATA(0) allocated [mem 0x3ffc5000-0x3ffeffff]
[    0.000000] kvm-clock: cpu 0, msr 0:3ff44001, primary cpu clock
[    0.000000] kvm-clock: Using msrs 4b564d01 and 4b564d00
[    0.000000] kvm-clock: using sched offset of 4197181196 cycles
[    0.000000] clocksource: kvm-clock: mask: 0xffffffffffffffff max_cycles: 0x1cd42e4dffb, max_idle_ns: 881590591483 ns
[    0.000000] Zone ranges:
[    0.000000]   DMA      [mem 0x0000000000001000-0x0000000000ffffff]
[    0.000000]   DMA32    [mem 0x0000000001000000-0x000000003ffeffff]
[    0.000000]   Normal   empty
[    0.000000]   Device   empty
[    0.000000] Movable zone start for each node
[    0.000000] Early memory node ranges
[    0.000000]   node   0: [mem 0x0000000000001000-0x000000000009efff]
[    0.000000]   node   0: [mem 0x0000000000100000-0x000000003ffeffff]
[    0.000000] Reserved but unavailable: 104 pages
[    0.000000] Initmem setup node 0 [mem 0x0000000000001000-0x000000003ffeffff]
[    0.000000] ACPI: PM-Timer IO Port: 0x4008
[    0.000000] IOAPIC[0]: apic_id 2, version 32, address 0xfec00000, GSI 0-23
[    0.000000] ACPI: INT_SRC_OVR (bus 0 bus_irq 0 global_irq 2 dfl dfl)
[    0.000000] ACPI: INT_SRC_OVR (bus 0 bus_irq 9 global_irq 9 low level)
[    0.000000] Using ACPI (MADT) for SMP configuration information
[    0.000000] smpboot: Allowing 2 CPUs, 0 hotplug CPUs
[    0.000000] PM: Registered nosave memory: [mem 0x00000000-0x00000fff]
[    0.000000] PM: Registered nosave memory: [mem 0x0009f000-0x0009ffff]
[    0.000000] PM: Registered nosave memory: [mem 0x000a0000-0x000effff]
[    0.000000] PM: Registered nosave memory: [mem 0x000f0000-0x000fffff]
[    0.000000] e820: [mem 0x40000000-0xfebfffff] available for PCI devices
[    0.000000] Booting paravirtualized kernel on KVM
[    0.000000] clocksource: refined-jiffies: mask: 0xffffffff max_cycles: 0xffffffff, max_idle_ns: 7645519600211568 ns
[    0.000000] random: get_random_bytes called from start_kernel+0x99/0x500 with crng_init=0
[    0.000000] setup_percpu: NR_CPUS:8192 nr_cpumask_bits:2 nr_cpu_ids:2 nr_node_ids:1
[    0.000000] percpu: Embedded 50 pages/cpu s167936 r8192 d28672 u1048576
[    0.000000] PV qspinlock hash table entries: 256 (order: 0, 4096 bytes)
[    0.000000] Built 1 zonelists, mobility grouping on.  Total pages: 257913
[    0.000000] Policy zone: DMA32
[    0.000000] Kernel command line: BOOT_IMAGE=/boot/vmlinuz-4.15.0-193-generic root=LABEL=cloudimg-rootfs ro console=tty1 console=ttyS0
[    0.000000] Memory: 982648K/1048120K available (12300K kernel code, 2484K rwdata, 4324K rodata, 2468K init, 2724K bss, 65472K reserved, 0K cma-reserved)
[    0.000000] SLUB: HWalign=64, Order=0-3, MinObjects=0, CPUs=2, Nodes=1
[    0.000000] Kernel/User page tables isolation: enabled
[    0.000000] ftrace: allocating 39483 entries in 155 pages
[    0.004000] Hierarchical RCU implementation.
[    0.004000] 	RCU restricting CPUs from NR_CPUS=8192 to nr_cpu_ids=2.
[    0.004000] 	Tasks RCU enabled.
[    0.004000] RCU: Adjusting geometry for rcu_fanout_leaf=16, nr_cpu_ids=2
[    0.004000] NR_IRQS: 524544, nr_irqs: 440, preallocated irqs: 16
[    0.004000] Console: colour VGA+ 80x25
[    0.004000] console [tty1] enabled
[    0.004000] console [ttyS0] enabled
[    0.004000] ACPI: Core revision 20170831
[    0.004000] ACPI: 2 ACPI AML tables successfully acquired and loaded
[    0.004000] APIC: Switch to symmetric I/O mode setup
[    0.004000] x2apic enabled
[    0.004000] Switched APIC routing to physical x2apic.
[    0.004000] ..TIMER: vector=0x30 apic1=0 pin1=2 apic2=-1 pin2=-1
[    0.004003] tsc: Detected 2591.998 MHz processor
[    0.004815] Calibrating delay loop (skipped) preset value.. 5183.99 BogoMIPS (lpj=10367992)
[    0.005444] pid_max: default: 32768 minimum: 301
[    0.006279] Security Framework initialized
[    0.008002] Yama: becoming mindful.
[    0.008659] AppArmor: AppArmor initialized
[    0.010334] Dentry cache hash table entries: 131072 (order: 8, 1048576 bytes)
[    0.011607] Inode-cache hash table entries: 65536 (order: 7, 524288 bytes)
[    0.012009] Mount-cache hash table entries: 2048 (order: 2, 16384 bytes)
[    0.013334] Mountpoint-cache hash table entries: 2048 (order: 2, 16384 bytes)
[    0.014741] Last level iTLB entries: 4KB 64, 2MB 8, 4MB 8
[    0.016001] Last level dTLB entries: 4KB 64, 2MB 0, 4MB 0, 1GB 4
[    0.017024] Spectre V1 : Mitigation: usercopy/swapgs barriers and __user pointer sanitization
[    0.018499] Spectre V2 : Mitigation: Retpolines
[    0.019291] Spectre V2 : Spectre v2 / SpectreRSB mitigation: Filling RSB on context switch
[    0.020001] Speculative Store Bypass: Vulnerable
[    0.020880] MDS: Mitigation: Clear CPU buffers
[    0.021676] MMIO Stale Data: Mitigation: Clear CPU buffers
[    0.022644] SRBDS: Unknown: Dependent on hypervisor status
[    0.024131] Freeing SMP alternatives memory: 36K
[    0.136580] smpboot: CPU0: Intel(R) Core(TM) i7-9750H CPU @ 2.60GHz (family: 0x6, model: 0x9e, stepping: 0xa)
[    0.138696] Performance Events: unsupported p6 CPU model 158 no PMU driver, software events only.
[    0.140000] Hierarchical SRCU implementation.
[    0.140621] NMI watchdog: Perf event create on CPU 0 failed with -2
[    0.141734] NMI watchdog: Perf NMI watchdog permanently disabled
[    0.142798] smp: Bringing up secondary CPUs ...
[    0.144059] x86: Booting SMP configuration:
[    0.144815] .... node  #0, CPUs:      #1
[    0.004000] kvm-clock: cpu 1, msr 0:3ff44041, secondary cpu clock
[    0.148015] smp: Brought up 1 node, 2 CPUs
[    0.148896] smpboot: Max logical packages: 1
[    0.149684] smpboot: Total of 2 processors activated (10367.99 BogoMIPS)
[    0.151048] devtmpfs: initialized
[    0.152043] x86/mm: Memory block size: 128MB
[    0.153090] evm: security.selinux
[    0.153731] evm: security.SMACK64
[    0.154404] evm: security.SMACK64EXEC
[    0.156002] evm: security.SMACK64TRANSMUTE
[    0.156773] evm: security.SMACK64MMAP
[    0.157537] evm: security.apparmor
[    0.158241] evm: security.ima
[    0.158817] evm: security.capability
[    0.160072] clocksource: jiffies: mask: 0xffffffff max_cycles: 0xffffffff, max_idle_ns: 7645041785100000 ns
[    0.161757] futex hash table entries: 512 (order: 3, 32768 bytes)
[    0.162856] pinctrl core: initialized pinctrl subsystem
[    0.164079] RTC time: 22:18:28, date: 09/29/22
[    0.165029] NET: Registered protocol family 16
[    0.165921] audit: initializing netlink subsys (disabled)
[    0.166894] audit: type=2000 audit(1664489914.379:1): state=initialized audit_enabled=0 res=1
[    0.168009] cpuidle: using governor ladder
[    0.168788] cpuidle: using governor menu
[    0.169580] ACPI: bus type PCI registered
[    0.170341] acpiphp: ACPI Hot Plug PCI Controller Driver version: 0.5
[    0.172086] PCI: Using configuration type 1 for base access
[    0.173418] HugeTLB registered 2.00 MiB page size, pre-allocated 0 pages
[    0.176046] ACPI: Added _OSI(Module Device)
[    0.177079] ACPI: Added _OSI(Processor Device)
[    0.178280] ACPI: Added _OSI(3.0 _SCP Extensions)
[    0.180003] ACPI: Added _OSI(Processor Aggregator Device)
[    0.181120] ACPI: Added _OSI(Linux-Dell-Video)
[    0.182020] ACPI: Added _OSI(Linux-Lenovo-NV-HDMI-Audio)
[    0.182969] ACPI: Added _OSI(Linux-HPI-Hybrid-Graphics)
[    0.184337] ACPI: Executed 1 blocks of module-level executable AML code
[    0.188809] ACPI: Interpreter enabled
[    0.189517] ACPI: (supports S0 S5)
[    0.190180] ACPI: Using IOAPIC for interrupt routing
[    0.191207] PCI: Using host bridge windows from ACPI; if necessary, use "pci=nocrs" and report a bug
[    0.192168] ACPI: Enabled 2 GPEs in block 00 to 07
[    0.199728] ACPI: PCI Root Bridge [PCI0] (domain 0000 [bus 00-ff])
[    0.200005] acpi PNP0A03:00: _OSC: OS supports [ASPM ClockPM Segments MSI]
[    0.201579] acpi PNP0A03:00: _OSC: not requesting OS control; OS requires [ExtendedConfig ASPM ClockPM MSI]
[    0.203288] acpi PNP0A03:00: fail to add MMCONFIG information, can't access extended PCI configuration space under this bridge.
[    0.204419] PCI host bridge to bus 0000:00
[    0.205276] pci_bus 0000:00: root bus resource [io  0x0000-0x0cf7 window]
[    0.208003] pci_bus 0000:00: root bus resource [io  0x0d00-0xffff window]
[    0.209201] pci_bus 0000:00: root bus resource [mem 0x000a0000-0x000bffff window]
[    0.211052] pci_bus 0000:00: root bus resource [mem 0x40000000-0xfdffffff window]
[    0.212003] pci_bus 0000:00: root bus resource [bus 00-ff]
[    0.216219] pci 0000:00:01.1: legacy IDE quirk: reg 0x10: [io  0x01f0-0x01f7]
[    0.217606] pci 0000:00:01.1: legacy IDE quirk: reg 0x14: [io  0x03f6]
[    0.218815] pci 0000:00:01.1: legacy IDE quirk: reg 0x18: [io  0x0170-0x0177]
[    0.220000] pci 0000:00:01.1: legacy IDE quirk: reg 0x1c: [io  0x0376]
[    0.233958] pci 0000:00:07.0: quirk: [io  0x4000-0x403f] claimed by PIIX4 ACPI
[    0.235594] pci 0000:00:07.0: quirk: [io  0x4100-0x410f] claimed by PIIX4 SMB
[    0.242029] ACPI: PCI Interrupt Link [LNKA] (IRQs 5 9 10 *11)
[    0.243347] ACPI: PCI Interrupt Link [LNKB] (IRQs 5 9 *10 11)
[    0.244139] ACPI: PCI Interrupt Link [LNKC] (IRQs 5 *9 10 11)
[    0.245242] ACPI: PCI Interrupt Link [LNKD] (IRQs 5 9 10 *11)
[    0.246527] SCSI subsystem initialized
[    0.247257] pci 0000:00:02.0: vgaarb: setting as boot VGA device
[    0.247257] pci 0000:00:02.0: vgaarb: VGA device added: decodes=io+mem,owns=io+mem,locks=none
[    0.248009] pci 0000:00:02.0: vgaarb: bridge control possible
[    0.249006] vgaarb: loaded
[    0.252030] ACPI: bus type USB registered
[    0.252779] usbcore: registered new interface driver usbfs
[    0.253752] usbcore: registered new interface driver hub
[    0.254688] usbcore: registered new device driver usb
[    0.255619] EDAC MC: Ver: 3.0.0
[    0.256240] PCI: Using ACPI for IRQ routing
[    0.257068] NetLabel: Initializing
[    0.257699] NetLabel:  domain hash size = 128
[    0.258480] NetLabel:  protocols = UNLABELED CIPSOv4 CALIPSO
[    0.260013] NetLabel:  unlabeled traffic allowed by default
[    0.261028] clocksource: Switched to clocksource kvm-clock
[    0.270189] VFS: Disk quotas dquot_6.6.0
[    0.271412] VFS: Dquot-cache hash table entries: 512 (order 0, 4096 bytes)
[    0.273177] AppArmor: AppArmor Filesystem Enabled
[    0.274424] pnp: PnP ACPI init
[    0.277433] pnp: PnP ACPI: found 3 devices
[    0.290470] clocksource: acpi_pm: mask: 0xffffff max_cycles: 0xffffff, max_idle_ns: 2085701024 ns
[    0.293260] NET: Registered protocol family 2
[    0.294498] IP idents hash table entries: 16384 (order: 5, 131072 bytes)
[    0.297017] TCP established hash table entries: 8192 (order: 4, 65536 bytes)
[    0.298397] TCP bind hash table entries: 8192 (order: 5, 131072 bytes)
[    0.299635] TCP: Hash tables configured (established 8192 bind 8192)
[    0.300961] UDP hash table entries: 512 (order: 2, 16384 bytes)
[    0.302376] UDP-Lite hash table entries: 512 (order: 2, 16384 bytes)
[    0.303773] NET: Registered protocol family 1
[    0.304700] pci 0000:00:00.0: Limiting direct PCI/PCI transfers
[    0.306045] pci 0000:00:01.0: Activating ISA DMA hang workarounds
[    0.307279] pci 0000:00:02.0: Video device with shadowed ROM at [mem 0x000c0000-0x000dffff]
[    0.308998] Unpacking initramfs...
[    0.584857] Freeing initrd memory: 19528K
[    0.586474] clocksource: tsc: mask: 0xffffffffffffffff max_cycles: 0x255cb518234, max_idle_ns: 440795279333 ns
[    0.588812] platform rtc_cmos: registered platform RTC device (no PNP device found)
[    0.590238] Scanning for low memory corruption every 60 seconds
[    0.592359] Initialise system trusted keyrings
[    0.593168] Key type blacklist registered
[    0.593969] workingset: timestamp_bits=36 max_order=18 bucket_order=0
[    0.595769] zbud: loaded
[    0.596736] squashfs: version 4.0 (2009/01/31) Phillip Lougher
[    0.597904] fuse init (API version 7.26)
[    0.599780] Key type asymmetric registered
[    0.600606] Asymmetric key parser 'x509' registered
[    0.601549] Block layer SCSI generic (bsg) driver version 0.4 loaded (major 246)
[    0.603171] io scheduler noop registered
[    0.603911] io scheduler deadline registered
[    0.604784] io scheduler cfq registered (default)
[    0.606051] ACPI: AC Adapter [AC] (on-line)
[    0.606869] input: Power Button as /devices/LNXSYSTM:00/LNXPWRBN:00/input/input0
[    0.608274] ACPI: Power Button [PWRF]
[    0.609051] input: Sleep Button as /devices/LNXSYSTM:00/LNXSLPBN:00/input/input1
[    0.610410] ACPI: Sleep Button [SLPF]
[    0.612163] Serial: 8250/16550 driver, 32 ports, IRQ sharing enabled
[    0.612355] ACPI: Battery Slot [BAT0] (battery present)
[    0.634730] 00:02: ttyS0 at I/O 0x3f8 (irq = 4, base_baud = 115200) is a 16550A
[    0.637402] Linux agpgart interface v0.103
[    0.639137] loop: module loaded
[    0.640286] scsi host0: ata_piix
[    0.641084] scsi host1: ata_piix
[    0.641758] ata1: PATA max UDMA/33 cmd 0x1f0 ctl 0x3f6 bmdma 0xd000 irq 14
[    0.643028] ata2: PATA max UDMA/33 cmd 0x170 ctl 0x376 bmdma 0xd008 irq 15
[    0.644425] tun: Universal TUN/TAP device driver, 1.6
[    0.645496] PPP generic driver version 2.4.2
[    0.646348] ehci_hcd: USB 2.0 'Enhanced' Host Controller (EHCI) Driver
[    0.647544] ehci-pci: EHCI PCI platform driver
[    0.648463] ehci-platform: EHCI generic platform driver
[    0.649460] ohci_hcd: USB 1.1 'Open' Host Controller (OHCI) Driver
[    0.650591] ohci-pci: OHCI PCI platform driver
[    0.651490] ohci-platform: OHCI generic platform driver
[    0.652531] uhci_hcd: USB Universal Host Controller Interface driver
[    0.653686] i8042: PNP: PS/2 Controller [PNP0303:PS2K,PNP0f03:PS2M] at 0x60,0x64 irq 1,12
[    0.655594] serio: i8042 KBD port at 0x60,0x64 irq 1
[    0.656581] serio: i8042 AUX port at 0x60,0x64 irq 12
[    0.657537] mousedev: PS/2 mouse device common for all mice
[    0.658732] input: AT Translated Set 2 keyboard as /devices/platform/i8042/serio0/input/input2
[    0.660560] rtc_cmos rtc_cmos: rtc core: registered rtc_cmos as rtc0
[    0.661762] rtc_cmos rtc_cmos: alarms up to one day, 114 bytes nvram
[    0.662882] i2c /dev entries driver
[    0.663570] device-mapper: uevent: version 1.0.3
[    0.664492] device-mapper: ioctl: 4.37.0-ioctl (2017-09-20) initialised: dm-devel@redhat.com
[    0.666050] ledtrig-cpu: registered to indicate activity on CPUs
[    0.667450] NET: Registered protocol family 10
[    0.670743] Segment Routing with IPv6
[    0.671440] NET: Registered protocol family 17
[    0.672345] Key type dns_resolver registered
[    0.673441] mce: Using 0 MCE banks
[    0.674162] RAS: Correctable Errors collector initialized.
[    0.675342] sched_clock: Marking stable (673381929, 0)->(824221075, -150839146)
[    0.677251] registered taskstats version 1
[    0.678120] Loading compiled-in X.509 certificates
[    0.681653] Loaded X.509 cert 'Build time autogenerated kernel key: b9e621348ccbcfe28d0c51e4c3b595dc856bdd44'
[    0.684065] Loaded X.509 cert 'Canonical Ltd. Live Patch Signing: 14df34d1a87cf37625abec039ef2bf521249b969'
[    0.686635] Loaded X.509 cert 'Canonical Ltd. Kernel Module Signing: 88f752e560a1e0737e31163a466ad7b70a850c19'
[    0.688431] blacklist: Loading compiled-in revocation X.509 certificates
[    0.689621] Loaded X.509 cert 'Canonical Ltd. Secure Boot Signing: 61482aa2830d0ab2ad5af10b7250da9033ddcef0'
[    0.691585] zswap: loaded using pool lzo/zbud
[    0.694730] Key type big_key registered
[    0.695486] Key type trusted registered
[    0.697384] Key type encrypted registered
[    0.698168] AppArmor: AppArmor sha1 policy hashing enabled
[    0.699229] ima: No TPM chip found, activating TPM-bypass! (rc=-19)
[    0.700399] ima: Allocated hash algorithm: sha1
[    0.701286] evm: HMAC attrs: 0x1
[    0.702145]   Magic number: 6:804:351
[    0.702972] rtc_cmos rtc_cmos: setting system clock to 2022-09-29 22:18:29 UTC (1664489909)
[    0.704613] BIOS EDD facility v0.16 2004-Jun-25, 0 devices found
[    0.705772] EDD information not available.
[    0.829481] Freeing unused kernel image memory: 2468K
[    0.844522] Write protecting the kernel read-only data: 20480k
[    0.846276] Freeing unused kernel image memory: 2008K
[    0.847581] Freeing unused kernel image memory: 1820K
[    0.853681] x86/mm: Checked W+X mappings: passed, no W+X pages found.
[    0.854838] x86/mm: Checking user space page tables
[    0.860686] x86/mm: Checked W+X mappings: passed, no W+X pages found.
Loading, please wait...
starting version 237
[    0.910982] e1000: Intel(R) PRO/1000 Network Driver - version 7.3.21-k8-NAPI
[    0.912472] e1000: Copyright (c) 1999-2006 Intel Corporation.
[    0.919130] Fusion MPT base driver 3.04.20
[    0.919931] Copyright (c) 1999-2008 LSI Corporation
[    0.929859] AVX2 version of gcm_enc/dec engaged.
[    0.930932] AES CTR mode by8 optimization enabled
[    0.946976] Fusion MPT SPI Host driver 3.04.20
[    1.123539] input: ImExPS/2 Generic Explorer Mouse as /devices/platform/i8042/serio1/input/input4
[    1.616634] e1000 0000:00:03.0 eth0: (PCI:33MHz:32-bit) 02:12:a5:46:f1:8c
[    1.618261] e1000 0000:00:03.0 eth0: Intel(R) PRO/1000 Network Connection
[    1.620894] e1000 0000:00:03.0 enp0s3: renamed from eth0
[    1.621070] mptbase: ioc0: Initiating bringup
[    2.578962] ioc0: LSI53C1030 A0: Capabilities={Initiator}
[    4.528493] scsi host2: ioc0: LSI53C1030 A0, FwRev=00000000h, Ports=1, MaxQ=256, IRQ=20
[    6.082008] scsi 2:0:0:0: Direct-Access     VBOX     HARDDISK         1.0  PQ: 0 ANSI: 5
[    6.116319] scsi target2:0:0: Beginning Domain Validation
[    6.121850] scsi target2:0:0: Domain Validation skipping write tests
[    6.124115] scsi target2:0:0: Ending Domain Validation
[    6.126204] scsi target2:0:0: asynchronous
[    6.128816] scsi 2:0:1:0: Direct-Access     VBOX     HARDDISK         1.0  PQ: 0 ANSI: 5
[    6.160377] scsi target2:0:1: Beginning Domain Validation
[    6.163871] random: fast init done
[    6.165939] scsi target2:0:1: Domain Validation skipping write tests
[    6.168172] scsi target2:0:1: Ending Domain Validation
[    6.170236] scsi target2:0:1: asynchronous
[    6.179969] random: systemd-udevd: uninitialized urandom read (16 bytes read)
[    6.180144] sd 2:0:0:0: Attached scsi generic sg0 type 0
[    6.183264] random: systemd-udevd: uninitialized urandom read (16 bytes read)
[    6.184921] sd 2:0:1:0: Attached scsi generic sg1 type 0
[    6.186633] random: systemd-udevd: uninitialized urandom read (16 bytes read)
[    6.189407] sd 2:0:0:0: [sda] 83886080 512-byte logical blocks: (42.9 GB/40.0 GiB)
[    6.191371] sd 2:0:0:0: [sda] Write Protect is off
[    6.192440] sd 2:0:1:0: [sdb] 20480 512-byte logical blocks: (10.5 MB/10.0 MiB)
[    6.193861] sd 2:0:1:0: [sdb] Write Protect is off
[    6.195037] sd 2:0:0:0: [sda] Incomplete mode parameter data
[    6.196123] sd 2:0:0:0: [sda] Assuming drive cache: write through
[    6.197250] sd 2:0:1:0: [sdb] Incomplete mode parameter data
[    6.198468] sd 2:0:1:0: [sdb] Assuming drive cache: write through
[    6.201085]  sda: sda1
[    6.202140] sd 2:0:0:0: [sda] Attached SCSI disk
[    6.203288] sd 2:0:1:0: [sdb] Attached SCSI disk
Begin: Loading essential drivers ... [    7.624131] raid6: sse2x1   gen() 12490 MB/s
[    7.672178] raid6: sse2x1   xor()  8945 MB/s
[    7.720115] raid6: sse2x2   gen() 15990 MB/s
[    7.768103] raid6: sse2x2   xor() 10242 MB/s
[    7.816245] raid6: sse2x4   gen() 16589 MB/s
[    7.864176] raid6: sse2x4   xor() 10735 MB/s
[    7.912306] raid6: avx2x1   gen() 23852 MB/s
[    7.960549] raid6: avx2x1   xor() 16297 MB/s
[    8.008164] raid6: avx2x2   gen() 29773 MB/s
[    8.056564] raid6: avx2x2   xor() 17216 MB/s
[    8.104159] raid6: avx2x4   gen() 36177 MB/s
[    8.152159] raid6: avx2x4   xor() 22561 MB/s
[    8.153010] raid6: using algorithm avx2x4 gen() 36177 MB/s
[    8.154088] raid6: .... xor() 22561 MB/s, rmw enabled
[    8.155144] raid6: using avx2x2 recovery algorithm
[    8.156896] xor: automatically using best checksumming function   avx       
[    8.158750] async_tx: api initialized (async)
done.
Begin: Running /scripts/init-premount ... done.
Begin: Mounting root file system ... Begin: Running /scripts/local-top ... done.
Begin: Running /scripts/local-premount ... [    8.209140] Btrfs loaded, crc32c=crc32c-intel
Scanning for Btrfs filesystems
done.
Warning: fsck not present, so skipping root file system
[    8.235996] EXT4-fs (sda1): mounted filesystem with ordered data mode. Opts: (null)
done.
Begin: Running /scripts/local-bottom ... done.
Begin: Running /scripts/init-bottom ... done.
[    8.390027] ip_tables: (C) 2000-2006 Netfilter Core Team
[    8.398384] systemd[1]: systemd 237 running in system mode. (+PAM +AUDIT +SELINUX +IMA +APPARMOR +SMACK +SYSVINIT +UTMP +LIBCRYPTSETUP +GCRYPT +GNUTLS +ACL +XZ +LZ4 +SECCOMP +BLKID +ELFUTILS +KMOD -IDN2 +IDN -PCRE2 default-hierarchy=hybrid)
[    8.402227] systemd[1]: Detected virtualization oracle.
[    8.403600] systemd[1]: Detected architecture x86-64.

Welcome to [1mUbuntu 18.04.6 LTS[0m!

[    8.408221] systemd[1]: Set hostname to <ubuntu>.
[    8.411565] systemd[1]: Initializing machine ID from random generator.
[    8.412761] systemd[1]: Installed transient /etc/machine-id file.
[    8.616205] systemd[1]: Reached target Swap.
[[0;32m  OK  [0m] Reached target Swap.
[    8.617541] systemd[1]: Reached target User and Group Name Lookups.
[[0;32m  OK  [0m] Reached target User and Group Name Lookups.
[    8.620207] systemd[1]: Created slice User and Session Slice.
[[0;32m  OK  [0m] Created slice User and Session Slice.
[    8.642946] systemd[1]: Reached target System Time Synchronized.
[[0;32m  OK  [0m] Reached target System Time Synchronized.
[[0;32m  OK  [0m] Started Forward Password Requests to Wall Directory Watch.
[[0;32m  OK  [0m] Set up automount Arbitrary Executab…rmats File System Automount Point.
[[0;32m  OK  [0m] Created slice System Slice.
[[0;32m  OK  [0m] Listening on Journal Socket (/dev/log).
[[0;32m  OK  [0m] Listening on Journal Socket.
         Starting Uncomplicated firewall...
         Mounting Huge Pages File System...
[[0;32m  OK  [0m] Reached target Slices.
[[0;32m  OK  [0m] Listening on LVM2 metadata daemon socket.
[[0;32m  OK  [0m] Listening on udev Control Socket.
         Mounting POSIX Message Queue File System...
         Starting Load Kernel Modules...
[[0;32m  OK  [0m] Listening on Journal Audit Socket.
[   11.695353] Loading iSCSI transport class v2.0-870.
[[0;32m  OK  [0m] Created slice system-serial\x2dgetty.slice.
[   11.703448] iscsi: registered transport (tcp)
[[0;32m  OK  [0m] Listening on Syslog Socket.
         Starting Journal Service...
[[0;32m  OK  [0m] Listening on fsck to fsckd communication Socket.
[   11.723413] iscsi: registered transport (iser)
         Starting File System Check on Root Device...
         Starting Create list of required st…ce nodes for the current kernel...
         Starting Set the console keyboard layout...
[[0;32m  OK  [0m] Listening on Network Service Netlink Socket.
         Mounting Kernel Debug File System...
[[0;32m  OK  [0m] Listening on udev Kernel Socket.
         Starting udev Coldplug all Devices...
[[0;32m  OK  [0m] Listening on /dev/initctl Compatibility Named Pipe.
[[0;32m  OK  [0m] Listening on Device-mapper event daemon FIFOs.
         Starting Monitoring of LVM2 mirrors…ng dmeventd or progress polling...
[[0;32m  OK  [0m] Listening on LVM2 poll daemon socket.
[[0;32m  OK  [0m] Started Journal Service.
[[0;32m  OK  [0m] Started Uncomplicated firewall.
[[0;32m  OK  [0m] Mounted Huge Pages File System.
[[0;32m  OK  [0m] Mounted POSIX Message Queue File System.
[[0;32m  OK  [0m] Started Load Kernel Modules.
[[0;32m  OK  [0m] Started File System Check on Root Device.
[[0;32m  OK  [0m] Started Create list of required sta…vice nodes for the current kernel.
[[0;32m  OK  [0m] Mounted Kernel Debug File System.
[[0;32m  OK  [0m] Started LVM2 metadata daemon.
[[0;32m  OK  [0m] Started File System Check Daemon to report status.
         Starting Create Static Device Nodes in /dev...
         Starting Remount Root and Kernel File Systems...
         Starting Apply Kernel Variables...
         Mounting FUSE Control File System...
         Mounting Kernel Configuration File System...
[[0;32m  OK  [0m] Mounted FUSE Control File System.
[[0;32m  OK  [0m] Mounted Kernel Configuration File System.
[[0;32m  OK  [0m] Started udev Coldplug all Devices.
[[0;32m  OK  [0m] Started Create Static Device Nodes in /dev.
[[0;32m  OK  [0m] Started Remount Root and Kernel File Systems.
         Starting Flush Journal to Persistent Storage...
         Starting Load/Save Random Seed...
         Starting udev Kernel Device Manager...
[[0;32m  OK  [0m] Started Monitoring of LVM2 mirrors,…sing dmeventd or progress polling.
[[0;32m  OK  [0m] Started Apply Kernel Variables.
[[0;32m  OK  [0m] Started Load/Save Random Seed.
[[0;32m  OK  [0m] Started udev Kernel Device Manager.
[[0;32m  OK  [0m] Started Flush Journal to Persistent Storage.
[[0;32m  OK  [0m] Found device /dev/ttyS0.
[[0;32m  OK  [0m] Listening on Load/Save RF Kill Switch Status /dev/rfkill Watch.
[[0;32m  OK  [0m] Started Set the console keyboard layout.
[[0;32m  OK  [0m] Started Dispatch Password Requests to Console Directory Watch.
[[0;32m  OK  [0m] Reached target Local Encrypted Volumes.
[[0;32m  OK  [0m] Reached target Local File Systems (Pre).
[[0;32m  OK  [0m] Reached target Local File Systems.
         Starting AppArmor initialization...
         Starting Tell Plymouth To Write Out Runtime Data...
         Starting Commit a transient machine-id on disk...
         Starting Create Volatile Files and Directories...
         Starting ebtables ruleset management...
         Starting Set console font and keymap...
[[0;32m  OK  [0m] Started Tell Plymouth To Write Out Runtime Data.
[[0;32m  OK  [0m] Started Create Volatile Files and Directories.
         Starting Update UTMP about System Boot/Shutdown...
[[0;32m  OK  [0m] Started Set console font and keymap.
[[0;32m  OK  [0m] Started Update UTMP about System Boot/Shutdown.
[[0;32m  OK  [0m] Started Commit a transient machine-id on disk.
[[0;32m  OK  [0m] Started ebtables ruleset management.
[[0;32m  OK  [0m] Started AppArmor initialization.
         Starting Load AppArmor profiles managed internally by snapd...
         Starting Initial cloud-init job (pre-networking)...
[[0;32m  OK  [0m] Started Load AppArmor profiles managed internally by snapd.
[   14.329767] cloud-init[676]: Cloud-init v. 22.2-0ubuntu1~18.04.3 running 'init-local' at Thu, 29 Sep 2022 22:18:42 +0000. Up 14.01 seconds.
[[0;32m  OK  [0m] Started Initial cloud-init job (pre-networking).
[[0;32m  OK  [0m] Reached target Network (Pre).
         Starting Network Service...
[[0;32m  OK  [0m] Started Network Service.
         Starting Wait for Network to be Configured...
         Starting Network Name Resolution...
[[0;32m  OK  [0m] Started Network Name Resolution.
[[0;32m  OK  [0m] Reached target Network.
[[0;32m  OK  [0m] Reached target Host and Network Name Lookups.
[[0;32m  OK  [0m] Started Wait for Network to be Configured.
         Starting Initial cloud-init job (metadata service crawler)...
[   16.820593] cloud-init[798]: Cloud-init v. 22.2-0ubuntu1~18.04.3 running 'init' at Thu, 29 Sep 2022 22:18:45 +0000. Up 16.69 seconds.
[   16.832342] cloud-init[798]: ci-info: ++++++++++++++++++++++++++++++++++++++Net device info++++++++++++++++++++++++++++++++++++++
[   16.844300] cloud-init[798]: ci-info: +--------+------+----------------------------+---------------+--------+-------------------+
[   16.846133] cloud-init[798]: ci-info: | Device |  Up  |          Address           |      Mask     | Scope  |     Hw-Address    |
[   16.848142] cloud-init[798]: ci-info: +--------+------+----------------------------+---------------+--------+-------------------+
[   16.849980] cloud-init[798]: ci-info: | enp0s3 | True |         10.0.2.15          | 255.255.255.0 | global | 02:12:a5:46:f1:8c |
[   16.851457] cloud-init[798]: ci-info: | enp0s3 | True | fe80::12:a5ff:fe46:f18c/64 |       .       |  link  | 02:12:a5:46:f1:8c |
[   16.853374] cloud-init[798]: ci-info: |   lo   | True |         127.0.0.1          |   255.0.0.0   |  host  |         .         |
[   16.855270] cloud-init[798]: ci-info: |   lo   | True |          ::1/128           |       .       |  host  |         .         |
[   16.857270] cloud-init[798]: ci-info: +--------+------+----------------------------+---------------+--------+-------------------+
[   16.859014] cloud-init[798]: ci-info: ++++++++++++++++++++++++++++Route IPv4 info+++++++++++++++++++++++++++++
[   16.860715] cloud-init[798]: ci-info: +-------+-------------+----------+-----------------+-----------+-------+
[   16.862279] cloud-init[798]: ci-info: | Route | Destination | Gateway  |     Genmask     | Interface | Flags |
[   16.863755] cloud-init[798]: ci-info: +-------+-------------+----------+-----------------+-----------+-------+
[   16.865242] cloud-init[798]: ci-info: |   0   |   0.0.0.0   | 10.0.2.2 |     0.0.0.0     |   enp0s3  |   UG  |
[   16.866762] cloud-init[798]: ci-info: |   1   |   10.0.2.0  | 0.0.0.0  |  255.255.255.0  |   enp0s3  |   U   |
[   16.868224] cloud-init[798]: ci-info: |   2   |   10.0.2.2  | 0.0.0.0  | 255.255.255.255 |   enp0s3  |   UH  |
[   16.869704] cloud-init[798]: ci-info: +-------+-------------+----------+-----------------+-----------+-------+
[   16.880315] cloud-init[798]: ci-info: +++++++++++++++++++Route IPv6 info+++++++++++++++++++
[   16.882110] cloud-init[798]: ci-info: +-------+-------------+---------+-----------+-------+
[   16.892277] cloud-init[798]: ci-info: | Route | Destination | Gateway | Interface | Flags |
[   16.904263] cloud-init[798]: ci-info: +-------+-------------+---------+-----------+-------+
[   16.905493] cloud-init[798]: ci-info: |   1   |  fe80::/64  |    ::   |   enp0s3  |   U   |
[   16.916266] cloud-init[798]: ci-info: |   3   |    local    |    ::   |   enp0s3  |   U   |
[   16.917488] cloud-init[798]: ci-info: |   4   |   ff00::/8  |    ::   |   enp0s3  |   U   |
[   16.918800] cloud-init[798]: ci-info: +-------+-------------+---------+-----------+-------+
[   17.568121] cloud-init[798]: Generating public/private rsa key pair.
[   17.580881] cloud-init[798]: Your identification has been saved in /etc/ssh/ssh_host_rsa_key.
[   17.592249] cloud-init[798]: Your public key has been saved in /etc/ssh/ssh_host_rsa_key.pub.
[   17.593373] cloud-init[798]: The key fingerprint is:
[   17.604255] cloud-init[798]: SHA256:0OXmrnL+8RykrCIehD93zvCPyJEG/fAiBZlhIrF9fOo root@ubuntu-bionic
[   17.616260] cloud-init[798]: The key's randomart image is:
[   17.617207] cloud-init[798]: +---[RSA 2048]----+
[   17.617800] cloud-init[798]: |o.. o     .      |
[[0;32m  OK  [0m[   17.628644] cloud-init[798]: | + + + . o       |
[   17.629200] cloud-init[798]: |. . * o . o      |
[   17.630306] cloud-init[798]: |   o = . o       |
[   17.631500] cloud-init[798]: |  . + + S . .    |
[   17.631958] cloud-init[798]: |   + o = o o     |
[   17.632648] cloud-init[798]: |    E B + = .    |
[   17.633300] cloud-init[798]: |    .BoX.+ + .   |
[   17.633676] cloud-init[798]: |   ...o=Ooo o    |
[   17.633993] cloud-init[798]: +----[SHA256]-----+
[   17.634884] cloud-init[798]: Generating public/private dsa key pair.
[   17.636425] cloud-init[798]: Your identification has been saved in /etc/ssh/ssh_host_dsa_key.
[   17.636579] cloud-init[798]: Your public key has been saved in /etc/ssh/ssh_host_dsa_key.pub.
[   17.637454] cloud-init[798]: The key fingerprint is:
[   17.638097] cloud-init[798]: SHA256:VVRGEUOqwbjoykQvseXiEZnOqAl46mk8XIUjGqlbRPo root@ubuntu-bionic
[   17.638712] cloud-init[798]: The key's randomart image is:
[   17.639138] cloud-init[798]: +---[DSA 1024]----+
[   17.639174] cloud-init[798]: |           .o+Oo |
[   17.639835] cloud-init[798]: |  .      o . o . |
[   17.640130] cloud-init[798]: | +  .   . + .    |
[   17.640355] cloud-init[798]: |+..o + . o o     |
[   17.640677] cloud-init[798]: |o+. O o S .      |
] [   17.641175] cloud-init[798]: |+ E* O           |
Started Initial cloud-init job (metadata service crawler).[   17.641211] 
cloud-init[798]: |=o+ O +          |
[   17.641270] cloud-init[798]: |oX.+ =           |
[   17.661127] cloud-init[798]: |*o. +            |
[   17.668185] cloud-init[798]: +----[SHA256]-----+
[   17.668882] [[0;32m  OK  [0m] Reached target Network is Online.
cloud-init[798]: Generating public/private ecdsa key pair.
[[0;32m  OK  [0m] Reached target Remote File Systems (Pre).
[[0;32m  OK  [0m] Reached target Remote File Systems.
[   17.670872] cloud-init[798]: Your identification has been saved in /etc/ssh/ssh_host_ecdsa_key.
         Starting Availability of block devices...
[   17.684958] [[0;32m  OK  [0m] Reached target Cloud-config availability.
[[0;32m  OK  [0m] Reached target System Initialization.
[[0;32m  OK  [0m] Started Message of the Day.
cloud-init[798]: Your public key has been saved in /etc/ssh/ssh_host_ecdsa_key.pub.
[[0;32m  OK  [0m] Started ACPI Events Check.
[[0;32m  OK  [0m] Reached target Paths.
[   17.703572] [[0;32m  OK  [0m] Started Discard unused blocks once a week.
[[0;32m  OK  [0m] Listening on cloud-init hotplug hook socket.
[[0;32m  OK  [0m] Started Daily Cleanup of Temporary Directories.
cloud-init[798]: The key fingerprint is:
[[0;32m  OK  [0m] Listening on Open-iSCSI iscsid Socket.
[   17.719626] cloud-init[798]: SHA256:/x66kadwFdrifOq49i/GkEE6emfvkYMt4kzUDo/JSQQ root@ubuntu-bionic         Starting Socket activation for snappy daemon.
[[0;32m  OK  [0m] Listening on UUID daemon activation socket.
[[0;32m  OK  [0m] Started Daily apt download activities.
[[0;32m  OK  [0m] Started Daily apt upgrade and clean activities.
[[0;32m  OK  [0m] Listening on D-Bus System Message Bus Socket.

[   17.738386] cloud-init[798]: The key's randomart image is:
         Starting LXD - unix socket.
[[0;32m  OK  [0m] Listening on ACPID Listen Socket.
[[0;32m  OK  [0m] Started Ubuntu Advantage Timer for running repeated jobs.
[[0;32m  OK  [0m] Reached target Timers.
[   17.742551] cloud-init[798]: +---[ECDSA 256]---+
[[0;32m  OK  [0m] Started Availability of block devices.
[   17.764437] cloud-init[798]: |    E            |
[   17.765816] [[0;32m  OK  [0m] Listening on Socket activation for snappy daemon.
cloud-init[798]: |     .  .        |
[   17.767209] [[0;32m  OK  [0m] Listening on LXD - unix socket.
cloud-init[798]: |      .o    .    |
[   17.768493] [cloud-init[0;32m  OK  [0m[798]: ] |     .o..  o .   |Reached target Sockets.

[   17.769757] [[0;32m  OK  [0m] Reached target Basic System.
cloud-init[798]: |     .+.Soo o    |
[   17.780386]          cloud-initStarting Permit User Sessions...[798]: 
|    .+.B=* =     |
[[0;32m  OK  [0m] Started Regular background program processing daemon.
[   17.792334] cloud-init[798]: |     .Bo*+% +    |
         Starting System Logging Service...
         Starting Accounts Service...
[[0;32m  OK  [0m] Started FUSE filesystem for LXC.
[[0;32m  OK  [0m] Started D-Bus System Message Bus.
[   17.794613] cloud-init[798]: |     + ..==@ .   |
[   17.836242] cloud-init[798]: |      o.o*O=+    |
[   17.848441] cloud-init[798]: +----[SHA256]-----+
[   17.860153] cloud-init[798]: Generating public/private ed25519 key pair.
[   17.860960] cloud-init[798]: Your identification has been saved in /etc/ssh/ssh_host_ed25519_key.
[   17.862366] cloud-init[798]: Your public key has been saved in /etc/ssh/ssh_host_ed25519_key.pub.
[   17.863506] cloud-init[798]: The key fingerprint is:
[   17.872264] cloud-init[798]: SHA256:c+TwFDqJ87Ve8KaBp9BGoLtV6FoCvf8efYt/n7aonjs root@ubuntu-bionic
[   17.873282] cloud-init[798]: The key's randomart image is:
[   17.873899] cloud-init[798]: +--[ED25519 256]--+
         Starting Dispatcher daemon for systemd-networkd...
[   17.892565] cloud-init[798]: |      .   .      |
[   17.896194] cloud-init[798]: |   . . + o .     |
[[0;32m  OK  [0m] Started irqbalance daemon.
         Starting LSB: automatic crash report generation...
         Starting Virtualbox guest utils...
[[0;32m  OK  [0m] Started Deferred execution scheduler.
[   17.914389]          Starting Login Service...
         Starting LXD - container startup/shutdown...
cloud-init[798]: |  . o + B =      |
[   17.956233] cloud-init[798]: |   . + * X +     |
         Starting LSB: Record successful boot for GRUB...
[   17.957447] cloud-init[798]: |    + = S B +    |
         Starting Pollinate to seed the pseudo random number generator...
[   17.964663] cloud-init[798]: |     B o B =     |
[   17.968886] cloud-init[798]: |    o . o + .    |
[   17.969735] cloud-init[798]: |       . . E..o..|
[   17.971288] cloud-init[798]: |       .o o**o.+o|
[   17.972257] cloud-init[798]: +----[SHA256]-----+
         Starting Snap Daemon...
[[0;32m  OK  [0m] Started System Logging Service.
[[0;32m  OK  [0m] Started Permit User Sessions.
[[0;32m  OK  [0m] Started LXD - container startup/shutdown.
[[0;32m  OK  [0m] Started Dispatcher daemon for systemd-networkd.
[[0;32m  OK  [0m] Started Login Service.
[[0;32m  OK  [0m] Started Unattended Upgrades Shutdown.
         Starting Authorization Manager...
         Starting Terminate Plymouth Boot Screen...
         Starting Hold until boot process finishes up...
[[0;32m  OK  [0m] Started Hold until boot process finishes up.
         Starting Set console scheme...
[[0;32m  OK  [0m] Started Serial Getty on ttyS0.
[[0;32m  OK  [0m] Started Terminate Plymouth Boot Screen.
[[0;32m  OK  [0m] Started Set console scheme.
[[0;32m  OK  [0m] Started LSB: Record successful boot for GRUB.
[[0;32m  OK  [0m] Created slice system-getty.slice.
[[0;32m  OK  [0m] Started Getty on tty1.
[[0;32m  OK  [0m] Reached target Login Prompts.
[[0;32m  OK  [0m] Started LSB: automatic crash report generation.
[[0;32m  OK  [0m] Started Virtualbox guest utils.
[[0;32m  OK  [0m] Started Authorization Manager.
[[0;32m  OK  [0m] Started Accounts Service.
[[0;32m  OK  [0m] Started Snap Daemon.
         Starting Wait until snapd is fully seeded...
         Starting Time & Date Service...
[[0;32m  OK  [0m] Started Time & Date Service.
[[0;32m  OK  [0m] Started Pollinate to seed the pseudo random number generator.
         Starting OpenBSD Secure Shell server...
[[0;32m  OK  [0m] Started OpenBSD Secure Shell server.
[[0;32m  OK  [0m] Created slice User Slice of vagrant.
         Starting User Manager for UID 1000...
[[0;32m  OK  [0m] Started Session 1 of user vagrant.
[[0;32m  OK  [0m] Started User Manager for UID 1000.
[[0;32m  OK  [0m] Started Wait until snapd is fully seeded.
         Starting Apply the settings specified in cloud-config...
[   20.304340] cloud-init[1456]: Cloud-init v. 22.2-0ubuntu1~18.04.3 running 'modules:config' at Thu, 29 Sep 2022 22:18:48 +0000. Up 19.87 seconds.
[[0;32m  OK  [0m] Started Apply the settings specified in cloud-config.
[[0;32m  OK  [0m] Reached target Multi-User System.
[[0;32m  OK  [0m] Reached target Graphical Interface.
         Starting Update UTMP about System Runlevel Changes...
         Starting Execute cloud user/final scripts...
[[0;32m  OK  [0m] Started Update UTMP about System Runlevel Changes.
ci-info: no authorized SSH keys fingerprints found for user ubuntu.
<14>Sep 29 22:18:49 cloud-init: #############################################################
<14>Sep 29 22:18:49 cloud-init: -----BEGIN SSH HOST KEY FINGERPRINTS-----
<14>Sep 29 22:18:49 cloud-init: 1024 SHA256:VVRGEUOqwbjoykQvseXiEZnOqAl46mk8XIUjGqlbRPo root@ubuntu-bionic (DSA)
<14>Sep 29 22:18:49 cloud-init: 256 SHA256:/x66kadwFdrifOq49i/GkEE6emfvkYMt4kzUDo/JSQQ root@ubuntu-bionic (ECDSA)
<14>Sep 29 22:18:49 cloud-init: 256 SHA256:c+TwFDqJ87Ve8KaBp9BGoLtV6FoCvf8efYt/n7aonjs root@ubuntu-bionic (ED25519)
<14>Sep 29 22:18:49 cloud-init: 2048 SHA256:0OXmrnL+8RykrCIehD93zvCPyJEG/fAiBZlhIrF9fOo root@ubuntu-bionic (RSA)
<14>Sep 29 22:18:49 cloud-init: -----END SSH HOST KEY FINGERPRINTS-----
<14>Sep 29 22:18:49 cloud-init: #############################################################
-----BEGIN SSH HOST KEY KEYS-----
ecdsa-sha2-nistp256 AAAAE2VjZHNhLXNoYTItbmlzdHAyNTYAAAAIbmlzdHAyNTYAAABBBNTl7vEnBGV23Mcwh/83/kP5fzU/toAUIHrVcX7F5qRM6Mceu0D0S184b7LIhtkIEkb0aKGFAjdaYGEo7NqOvQw= root@ubuntu-bionic
ssh-ed25519 AAAAC3NzaC1lZDI1NTE5AAAAIJgWUvpYF0dv+U91kIRmMLee4BL+VJAgnTukBLGMgUv8 root@ubuntu-bionic
ssh-rsa AAAAB3NzaC1yc2EAAAADAQABAAABAQDS08H3kxnI2+ADeRHNEWOhAGl2Lvtiyn92Tuu4QcvOZzckfVTBDn93V+ThDYihJ/f7zXoFsL9NzbypjOz1ciie767AlNGBpX+Zj47aBwMQo9BAGtTbR4YjwncagM64Vnk5GZj+9bTBoYQvmefHo8KpelafOAqP1MbkoDCQzqbHaF9znjUw6hZwwTltSZUFDBgBixlLUc+Zh3asp/s7KK5sTDakyQ6JL3YnzxL/ZAUFRdIUMcdjK2oJq1xgfqkVwc4yrcOEuQnI00b7050T3g5E3hlYAjjsp/lA6KRzmGMDhbfTerz9u32o6PmxNfqS4gESGTJMNg00sLAz4FdWDKHb root@ubuntu-bionic
-----END SSH HOST KEY KEYS-----
[   20.991988] cloud-init[1541]: Cloud-init v. 22.2-0ubuntu1~18.04.3 running 'modules:final' at Thu, 29 Sep 2022 22:18:49 +0000. Up 20.76 seconds.
[   20.993488] cloud-init[1541]: Cloud-init v. 22.2-0ubuntu1~18.04.3 finished at Thu, 29 Sep 2022 22:18:49 +0000. Datasource DataSourceNoCloud [seed=/dev/sdb][dsmode=net].  Up 20.98 seconds
[[0;32m  OK  [0m] Started Execute cloud user/final scripts.
[[0;32m  OK  [0m] Reached target Cloud-init target.

Ubuntu 18.04.6 LTS ubuntu-bionic ttyS0

ubuntu-bionic login: 